<?xml version="1.0" encoding="UTF-8"?>
<!-- Generated by org.testng.reporters.JUnitReportReporter -->
<testsuite hostname="DESKTOP-P5D2VHN" name="testSuite.TestScenarios" tests="1" failures="0" timestamp="8 Jun 2019 12:32:32 GMT" time="12.717" errors="0">
  <testcase name="testCase3" time="12.717" classname="testSuite.TestScenarios"/>
</testsuite> <!-- testSuite.TestScenarios -->
